<?xml version="1.0" encoding="UTF-8" ?>
<testsuite errors="1" failures="3" hostname="A4XX-diasam" name="lgs.model.CircuitTest" skipped="0" tests="8" time="0.069" timestamp="2017-01-20T17:41:02">
  <properties>
[...]
</properties>
  <testcase classname="lgs.model.CircuitTest" name="testAttachInput" time="0.007" />
  <testcase classname="lgs.model.CircuitTest" name="testAddInput" time="0.003">
    <error message="lgs.model.Input cannot be cast to lgs.model.Output" type="java.lang.ClassCastException">java.lang.ClassCastException: lgs.model.Input cannot be cast to lgs.model.Output
	at lgs.model.Circuit.addInput(Circuit.java:47)
	at lgs.model.CircuitTest.testAddInput(CircuitTest.java:102)
</error>
  </testcase>
  <testcase classname="lgs.model.CircuitTest" name="testAddCircuitComponent" time="0.001">
    <failure message="The test case is a prototype." type="junit.framework.AssertionFailedError">junit.framework.AssertionFailedError: The test case is a prototype.
	at lgs.model.CircuitTest.testAddCircuitComponent(CircuitTest.java:88)
</failure>
  </testcase>
  <testcase classname="lgs.model.CircuitTest" name="testSetInputs" time="0.0" />
  <testcase classname="lgs.model.CircuitTest" name="testGetComponents" time="0.001">
    <failure message="expected:&lt;null&gt; but was:&lt;[]&gt;" type="junit.framework.AssertionFailedError">junit.framework.AssertionFailedError: expected:&lt;null&gt; but was:&lt;[]&gt;
	at lgs.model.CircuitTest.testGetComponents(CircuitTest.java:45)
</failure>
  </testcase>
  <testcase classname="lgs.model.CircuitTest" name="testGetInputs" time="0.0" />
  <testcase classname="lgs.model.CircuitTest" name="testSetComponents" time="0.0">
    <failure message="The test case is a prototype." type="junit.framework.AssertionFailedError">junit.framework.AssertionFailedError: The test case is a prototype.
	at lgs.model.CircuitTest.testSetComponents(CircuitTest.java:75)
</failure>
  </testcase>
  <testcase classname="lgs.model.CircuitTest" name="testDeattachInput" time="0.0" />
  <system-out><![CDATA[attachInput
addInput
addCircuitComponent
setInputs
getComponents
getInputs
setComponents
deattachInput
]]></system-out>
  <system-err><![CDATA[]]></system-err>
</testsuite>
